<?xml version="1.0" encoding="UTF-8"?>
<!-- Generated by org.testng.reporters.JUnitReportReporter -->
<testsuite hostname="Mahedis-MacBook-Pro.local" failures="0" tests="3" name="runner.TestRunner" time="24.306" errors="0" timestamp="2023-02-15T21:12:46 EST" skipped="0">
  <testcase classname="runner.TestRunner" name="runScenario" time="7.684"/>
  <system-out/>
  <testcase classname="runner.TestRunner" name="runScenario" time="9.090"/>
  <system-out/>
  <testcase classname="runner.TestRunner" name="runScenario" time="7.532"/>
  <system-out/>
</testsuite> <!-- runner.TestRunner -->
